<?xml version="1.0" encoding="UTF-8"?>
<testsuite xmlns:xsi="http://www.w3.org/2001/XMLSchema-instance" xsi:noNamespaceSchemaLocation="https://maven.apache.org/surefire/maven-surefire-plugin/xsd/surefire-test-report.xsd" version="3.0.2" name="com.mycompany.gerenciador_de_pedidos.CatalogoTest" time="0.22" tests="5" errors="0" skipped="0" failures="0">
  <properties>
[...]
</properties>
  <testcase name="testAdicionarProduto" classname="com.mycompany.gerenciador_de_pedidos.CatalogoTest" time="0.104">
    <system-err><![CDATA[dez. 12, 2024 4:15:38 AM com.mycompany.gerenciador_de_pedidos.Catalogo adicionarProduto
INFO: Produto adicionado:
dez. 12, 2024 4:15:38 AM com.mycompany.gerenciador_de_pedidos.Catalogo adicionarProduto
INFO: Produto adicionado:
dez. 12, 2024 4:15:38 AM com.mycompany.gerenciador_de_pedidos.Catalogo adicionarProduto
INFO: Produto adicionado:
]]></system-err>
  </testcase>
  <testcase name="testListarProdutos" classname="com.mycompany.gerenciador_de_pedidos.CatalogoTest" time="0.003"/>
  <testcase name="testSetCatalogo" classname="com.mycompany.gerenciador_de_pedidos.CatalogoTest" time="0.004"/>
  <testcase name="testBuscarProdutoPorId" classname="com.mycompany.gerenciador_de_pedidos.CatalogoTest" time="0.033">
    <system-out><![CDATA[Produto id nº 105:Produto{id=105, nome=Camisa, preco=30.0}
]]></system-out>
    <system-err><![CDATA[dez. 12, 2024 4:15:38 AM com.mycompany.gerenciador_de_pedidos.Catalogo adicionarProduto
INFO: Produto adicionado:
dez. 12, 2024 4:15:38 AM com.mycompany.gerenciador_de_pedidos.Catalogo adicionarProduto
INFO: Produto adicionado:
dez. 12, 2024 4:15:38 AM com.mycompany.gerenciador_de_pedidos.Catalogo adicionarProduto
INFO: Produto adicionado:
]]></system-err>
  </testcase>
  <testcase name="testGetCatalogo" classname="com.mycompany.gerenciador_de_pedidos.CatalogoTest" time="0.002"/>
</testsuite>